{"/home/akhil-pc/Desktop/code/learn/node/express-api-typescript/src/app.ts": {"path":"/home/akhil-pc/Desktop/code/learn/node/express-api-typescript/src/app.ts","statementMap":{"0":{"start":{"line":1,"column":0},"end":{"line":1,"column":33}},"1":{"start":{"line":2,"column":0},"end":{"line":2,"column":16}},"2":{"start":{"line":3,"column":0},"end":{"line":3,"column":28}},"3":{"start":{"line":4,"column":0},"end":{"line":4,"column":24}},"4":{"start":{"line":5,"column":0},"end":{"line":5,"column":30}},"5":{"start":{"line":6,"column":0},"end":{"line":6,"column":43}},"6":{"start":{"line":8,"column":12},"end":{"line":8,"column":21}},"7":{"start":{"line":11,"column":0},"end":{"line":11,"column":23}},"8":{"start":{"line":12,"column":0},"end":{"line":12,"column":24}},"9":{"start":{"line":13,"column":0},"end":{"line":17,"column":2}},"10":{"start":{"line":18,"column":0},"end":{"line":18,"column":16}},"11":{"start":{"line":24,"column":0},"end":{"line":24,"column":29}},"12":{"start":{"line":26,"column":0},"end":{"line":29,"column":3}},"13":{"start":{"line":26,"column":27},"end":{"line":29,"column":2}},"14":{"start":{"line":31,"column":0},"end":{"line":31,"column":19}}},"fnMap":{"0":{"name":"(anonymous_14)","decl":{"start":{"line":26,"column":16},"end":{"line":26,"column":25}},"loc":{"start":{"line":26,"column":27},"end":{"line":29,"column":2}}},"1":{"name":"(anonymous_15)","decl":{"start":{"line":26,"column":27},"end":{"line":26,"column":null}},"loc":{"start":{"line":26,"column":27},"end":{"line":29,"column":1}}}},"branchMap":{},"s":{"0":1,"1":1,"2":1,"3":1,"4":1,"5":1,"6":1,"7":1,"8":1,"9":1,"10":1,"11":1,"12":1,"13":0,"14":1},"f":{"0":0,"1":0},"b":{}}
,"/home/akhil-pc/Desktop/code/learn/node/express-api-typescript/src/controllers/index.ts": {"path":"/home/akhil-pc/Desktop/code/learn/node/express-api-typescript/src/controllers/index.ts","statementMap":{"0":{"start":{"line":1,"column":0},"end":{"line":1,"column":37}},"1":{"start":{"line":2,"column":0},"end":{"line":2,"column":52}},"2":{"start":{"line":3,"column":0},"end":{"line":3,"column":57}},"3":{"start":{"line":4,"column":0},"end":{"line":4,"column":58}},"4":{"start":{"line":6,"column":15},"end":{"line":6,"column":23}},"5":{"start":{"line":8,"column":0},"end":{"line":10,"column":3}},"6":{"start":{"line":9,"column":2},"end":{"line":9,"column":76}},"7":{"start":{"line":13,"column":0},"end":{"line":13,"column":37}},"8":{"start":{"line":15,"column":0},"end":{"line":22,"column":3}},"9":{"start":{"line":16,"column":2},"end":{"line":21,"column":4}},"10":{"start":{"line":24,"column":0},"end":{"line":24,"column":22}}},"fnMap":{"0":{"name":"(anonymous_1)","decl":{"start":{"line":8,"column":16},"end":{"line":8,"column":17}},"loc":{"start":{"line":8,"column":48},"end":{"line":10,"column":1}}},"1":{"name":"(anonymous_2)","decl":{"start":{"line":15,"column":16},"end":{"line":15,"column":17}},"loc":{"start":{"line":15,"column":48},"end":{"line":22,"column":1}}}},"branchMap":{},"s":{"0":1,"1":1,"2":1,"3":1,"4":1,"5":1,"6":1,"7":1,"8":1,"9":0,"10":1},"f":{"0":1,"1":0},"b":{}}
,"/home/akhil-pc/Desktop/code/learn/node/express-api-typescript/src/controllers/controller/user.controller.ts": {"path":"/home/akhil-pc/Desktop/code/learn/node/express-api-typescript/src/controllers/controller/user.controller.ts","statementMap":{"0":{"start":{"line":1,"column":0},"end":{"line":1,"column":33}},"1":{"start":{"line":2,"column":0},"end":{"line":2,"column":54}},"2":{"start":{"line":3,"column":0},"end":{"line":3,"column":41}},"3":{"start":{"line":4,"column":0},"end":{"line":4,"column":83}},"4":{"start":{"line":5,"column":15},"end":{"line":5,"column":23}},"5":{"start":{"line":7,"column":0},"end":{"line":12,"column":2}},"6":{"start":{"line":14,"column":0},"end":{"line":14,"column":22}}},"fnMap":{},"branchMap":{},"s":{"0":1,"1":1,"2":1,"3":1,"4":1,"5":1,"6":1},"f":{},"b":{}}
,"/home/akhil-pc/Desktop/code/learn/node/express-api-typescript/src/middleware/validation.middleware.ts": {"path":"/home/akhil-pc/Desktop/code/learn/node/express-api-typescript/src/middleware/validation.middleware.ts","statementMap":{"0":{"start":{"line":1,"column":0},"end":{"line":1,"column":37}},"1":{"start":{"line":2,"column":0},"end":{"line":2,"column":57}},"2":{"start":{"line":4,"column":0},"end":{"line":4,"column":53}},"3":{"start":{"line":11,"column":22},"end":{"line":11,"column":43}},"4":{"start":{"line":13,"column":2},"end":{"line":37,"column":null}},"5":{"start":{"line":14,"column":23},"end":{"line":14,"column":37}},"6":{"start":{"line":15,"column":26},"end":{"line":15,"column":28}},"7":{"start":{"line":16,"column":4},"end":{"line":27,"column":7}},"8":{"start":{"line":17,"column":35},"end":{"line":17,"column":40}},"9":{"start":{"line":19,"column":6},"end":{"line":26,"column":null}},"10":{"start":{"line":20,"column":8},"end":{"line":23,"column":10}},"11":{"start":{"line":25,"column":8},"end":{"line":25,"column":40}},"12":{"start":{"line":28,"column":4},"end":{"line":34,"column":6}},"13":{"start":{"line":36,"column":4},"end":{"line":36,"column":11}},"14":{"start":{"line":40,"column":9},"end":{"line":40,"column":34}}},"fnMap":{"0":{"name":"validationCheckMiddleWare","decl":{"start":{"line":6,"column":9},"end":{"line":6,"column":34}},"loc":{"start":{"line":9,"column":20},"end":{"line":38,"column":1}}},"1":{"name":"(anonymous_2)","decl":{"start":{"line":16,"column":23},"end":{"line":16,"column":24}},"loc":{"start":{"line":16,"column":38},"end":{"line":27,"column":5}}}},"branchMap":{"0":{"loc":{"start":{"line":13,"column":2},"end":{"line":37,"column":null}},"type":"if","locations":[{"start":{"line":13,"column":2},"end":{"line":37,"column":null}},{"start":{"line":35,"column":9},"end":{"line":37,"column":null}}]},"1":{"loc":{"start":{"line":19,"column":6},"end":{"line":26,"column":null}},"type":"if","locations":[{"start":{"line":19,"column":6},"end":{"line":26,"column":null}},{"start":{"line":24,"column":13},"end":{"line":26,"column":null}}]},"2":{"loc":{"start":{"line":21,"column":17},"end":{"line":21,"column":30}},"type":"binary-expr","locations":[{"start":{"line":21,"column":17},"end":{"line":21,"column":22}},{"start":{"line":21,"column":26},"end":{"line":21,"column":30}}]}},"s":{"0":1,"1":1,"2":1,"3":0,"4":0,"5":0,"6":0,"7":0,"8":0,"9":0,"10":0,"11":0,"12":0,"13":0,"14":1},"f":{"0":0,"1":0},"b":{"0":[0,0],"1":[0,0],"2":[0,0]}}
,"/home/akhil-pc/Desktop/code/learn/node/express-api-typescript/src/services/user.service.ts": {"path":"/home/akhil-pc/Desktop/code/learn/node/express-api-typescript/src/services/user.service.ts","statementMap":{"0":{"start":{"line":1,"column":0},"end":{"line":1,"column":37}},"1":{"start":{"line":2,"column":0},"end":{"line":2,"column":57}},"2":{"start":{"line":6,"column":2},"end":{"line":22,"column":null}},"3":{"start":{"line":9,"column":4},"end":{"line":14,"column":6}},"4":{"start":{"line":16,"column":4},"end":{"line":21,"column":6}},"5":{"start":{"line":25,"column":0},"end":{"line":27,"column":2}}},"fnMap":{"0":{"name":"createUser","decl":{"start":{"line":5,"column":15},"end":{"line":5,"column":25}},"loc":{"start":{"line":5,"column":53},"end":{"line":23,"column":null}}}},"branchMap":{},"s":{"0":1,"1":1,"2":0,"3":0,"4":0,"5":1},"f":{"0":0},"b":{}}
,"/home/akhil-pc/Desktop/code/learn/node/express-api-typescript/src/util/response.helper.ts": {"path":"/home/akhil-pc/Desktop/code/learn/node/express-api-typescript/src/util/response.helper.ts","statementMap":{"0":{"start":{"line":9,"column":2},"end":{"line":14,"column":5}},"1":{"start":{"line":2,"column":0},"end":{"line":2,"column":16}}},"fnMap":{"0":{"name":"responseHelper","decl":{"start":{"line":2,"column":16},"end":{"line":2,"column":30}},"loc":{"start":{"line":7,"column":19},"end":{"line":15,"column":1}}}},"branchMap":{"0":{"loc":{"start":{"line":7,"column":2},"end":{"line":7,"column":19}},"type":"default-arg","locations":[{"start":{"line":7,"column":17},"end":{"line":7,"column":19}}]}},"s":{"0":1,"1":1},"f":{"0":1},"b":{"0":[1]}}
,"/home/akhil-pc/Desktop/code/learn/node/express-api-typescript/src/validators/index.ts": {"path":"/home/akhil-pc/Desktop/code/learn/node/express-api-typescript/src/validators/index.ts","statementMap":{"0":{"start":{"line":1,"column":0},"end":{"line":1,"column":55}},"1":{"start":{"line":3,"column":0},"end":{"line":5,"column":2}}},"fnMap":{},"branchMap":{},"s":{"0":1,"1":1},"f":{},"b":{}}
,"/home/akhil-pc/Desktop/code/learn/node/express-api-typescript/src/validators/validator/user.validator.ts": {"path":"/home/akhil-pc/Desktop/code/learn/node/express-api-typescript/src/validators/validator/user.validator.ts","statementMap":{"0":{"start":{"line":1,"column":0},"end":{"line":1,"column":41}},"1":{"start":{"line":3,"column":0},"end":{"line":15,"column":2}}},"fnMap":{},"branchMap":{},"s":{"0":1,"1":1},"f":{},"b":{}}
}
