TN:
SF:src/app.ts
FN:26,(anonymous_14)
FN:26,(anonymous_15)
FNF:2
FNH:0
FNDA:0,(anonymous_14)
FNDA:0,(anonymous_15)
DA:1,1
DA:2,1
DA:3,1
DA:4,1
DA:5,1
DA:6,1
DA:8,1
DA:11,1
DA:12,1
DA:13,1
DA:18,1
DA:24,1
DA:26,1
DA:31,1
LF:14
LH:14
BRF:0
BRH:0
end_of_record
TN:
SF:src/controllers/index.ts
FN:8,(anonymous_1)
FN:15,(anonymous_2)
FNF:2
FNH:1
FNDA:1,(anonymous_1)
FNDA:0,(anonymous_2)
DA:1,1
DA:2,1
DA:3,1
DA:4,1
DA:6,1
DA:8,1
DA:9,1
DA:13,1
DA:15,1
DA:16,0
DA:24,1
LF:11
LH:10
BRF:0
BRH:0
end_of_record
TN:
SF:src/controllers/controller/user.controller.ts
FNF:0
FNH:0
DA:1,1
DA:2,1
DA:3,1
DA:4,1
DA:5,1
DA:7,1
DA:14,1
LF:7
LH:7
BRF:0
BRH:0
end_of_record
TN:
SF:src/middleware/validation.middleware.ts
FN:6,validationCheckMiddleWare
FN:16,(anonymous_2)
FNF:2
FNH:0
FNDA:0,validationCheckMiddleWare
FNDA:0,(anonymous_2)
DA:1,1
DA:2,1
DA:4,1
DA:11,0
DA:13,0
DA:14,0
DA:15,0
DA:16,0
DA:17,0
DA:19,0
DA:20,0
DA:25,0
DA:28,0
DA:36,0
DA:40,1
LF:15
LH:4
BRDA:13,0,0,0
BRDA:13,0,1,0
BRDA:19,1,0,0
BRDA:19,1,1,0
BRDA:21,2,0,0
BRDA:21,2,1,0
BRF:6
BRH:0
end_of_record
TN:
SF:src/services/user.service.ts
FN:5,createUser
FNF:1
FNH:0
FNDA:0,createUser
DA:1,1
DA:2,1
DA:6,0
DA:9,0
DA:16,0
DA:25,1
LF:6
LH:3
BRF:0
BRH:0
end_of_record
TN:
SF:src/util/response.helper.ts
FN:2,responseHelper
FNF:1
FNH:1
FNDA:1,responseHelper
DA:2,1
DA:9,1
LF:2
LH:2
BRDA:7,0,0,1
BRF:1
BRH:1
end_of_record
TN:
SF:src/validators/index.ts
FNF:0
FNH:0
DA:1,1
DA:3,1
LF:2
LH:2
BRF:0
BRH:0
end_of_record
TN:
SF:src/validators/validator/user.validator.ts
FNF:0
FNH:0
DA:1,1
DA:3,1
LF:2
LH:2
BRF:0
BRH:0
end_of_record
